Arguments: 
  /usr/bin/nodejs /usr/bin/yarn

PATH: 
  /home/vagrant/.composer/vendor/bin:/home/vagrant/bin:/home/vagrant/.local/bin:/usr/local/sbin:/usr/local/bin:/usr/sbin:/usr/bin:/sbin:/bin:/usr/games:/usr/local/games:/snap/bin

Yarn version: 
  0.22.0

Node version: 
  6.10.0

Platform: 
  linux x64

npm manifest: 
  {
    "private": true,
    "dependencies": {
      "angular": "^1.3.12",
      "todomvc-app-css": "^1.0.1",
      "todomvc-common": "^1.0.0"
    },
    "devDependencies": {
      "angular-mocks": "^1.3.12",
      "angular-route": "^1.3.12",
      "browserify": "^9.0.7",
      "browserify-ngannotate": "^0.7.1",
      "del": "^1.1.1",
      "gulp": "^3.8.11",
      "gulp-cachebust": "0.0.5",
      "gulp-concat": "^2.5.2",
      "gulp-install": "^0.4.0",
      "gulp-jshint": "^1.10.0",
      "gulp-karma": "0.0.4",
      "gulp-ng-html2js": "^0.2.0",
      "gulp-sass": "^2.0.0",
      "gulp-sourcemaps": "^1.5.1",
      "gulp-uglify": "^1.1.0",
      "gulp-util": "^3.0.4",
      "gulp-webserver": "^0.9.0",
      "gulp.spritesmith": "^3.5.3",
      "jasmine-core": "^2.2.0",
      "karma": "^0.12.31",
      "karma-chrome-launcher": "^0.1.7",
      "karma-firefox-launcher": "^0.1.4",
      "karma-jasmine": "^0.3.5",
      "karma-phantomjs-launcher": "^0.1.4",
      "vinyl-buffer": "^1.0.0",
      "vinyl-source-stream": "^1.1.0"
    }
  }

yarn manifest: 
  No manifest

Lockfile: 
  No lockfile

Trace: 
  Error: EPROTO: protocol error, symlink '../../../JSONStream/index.js' -> '/home/vagrant/Projects/angularjs-gulp-example/node_modules/browser-pack/node_modules/.bin/JSONStream'
      at Error (native)
